<?xml version="1.0" encoding="UTF-8"?>
<!-- Generated by org.testng.reporters.JUnitReportReporter -->
<testsuite hostname="DESKTOP-VL4PKSR" failures="0" tests="2" name="testNG.ParrallelTesting" time="16.700" errors="0" timestamp="2020-09-24T12:50:30 IST" skipped="0">
  <testcase classname="testNG.ParrallelTesting" name="openGoogle" time="7.728"/>
  <system-out/>
  <testcase classname="testNG.ParrallelTesting" name="openBing" time="8.972"/>
  <system-out/>
</testsuite> <!-- testNG.ParrallelTesting -->
