<?xml version="1.0" encoding="UTF-8"?>
<!-- Generated by org.testng.reporters.JUnitReportReporter -->
<testsuite hostname="DESKTOP-VL4PKSR" failures="0" tests="1" name="com.DataDriven.LoginBothIncorrect" time="17.073" errors="0" timestamp="2020-09-18T10:06:30 IST" skipped="0">
  <testcase classname="com.DataDriven.LoginBothIncorrect" name="loginbothincorrect" time="17.073"/>
  <system-out/>
</testsuite> <!-- com.DataDriven.LoginBothIncorrect -->
