<?xml version="1.0" encoding="UTF-8"?>
<!-- Generated by org.testng.reporters.JUnitReportReporter -->
<testsuite hostname="DESKTOP-VL4PKSR" failures="0" tests="1" name="testNG.SampleTestCase" time="0.015" errors="0" timestamp="2020-09-24T13:01:05 IST" skipped="0">
  <testcase classname="testNG.SampleTestCase" name="firsttestcase" time="0.015"/>
  <system-out/>
</testsuite> <!-- testNG.SampleTestCase -->
