<?xml version="1.0" encoding="UTF-8"?>
<!-- Generated by org.testng.reporters.JUnitReportReporter -->
<testsuite hostname="DESKTOP-JEBHD8A" failures="0" tests="2" name="testNG.ParrallelTesting" time="17.890" errors="0" timestamp="2020-08-03T19:18:04 IST" skipped="0">
  <testcase classname="testNG.ParrallelTesting" name="openBing" time="8.340"/>
  <system-out/>
  <testcase classname="testNG.ParrallelTesting" name="openGoogle" time="9.550"/>
  <system-out/>
</testsuite> <!-- testNG.ParrallelTesting -->
