<?xml version="1.0" encoding="UTF-8"?>
<!-- Generated by org.testng.reporters.JUnitReportReporter -->
<testsuite hostname="DESKTOP-JEBHD8A" failures="0" tests="3" name="testNG.DependeniciesManagement" time="0.018" errors="0" timestamp="2020-08-03T19:10:59 IST" skipped="0">
  <testcase classname="testNG.DependeniciesManagement" name="highsecondary" time="0.004"/>
  <system-out/>
  <testcase classname="testNG.DependeniciesManagement" name="highschool" time="0.011"/>
  <system-out/>
  <testcase classname="testNG.DependeniciesManagement" name="engineering" time="0.003"/>
  <system-out/>
</testsuite> <!-- testNG.DependeniciesManagement -->
