<?xml version="1.0" encoding="UTF-8"?>
<!-- Generated by org.testng.reporters.JUnitReportReporter -->
<testsuite hostname="DESKTOP-VL4PKSR" failures="0" tests="1" name="testNG.AssertionExample" time="0.020" errors="0" timestamp="2020-09-24T10:05:46 IST" skipped="0">
  <testcase classname="testNG.AssertionExample" name="check" time="0.020"/>
  <system-out/>
</testsuite> <!-- testNG.AssertionExample -->
