<?xml version="1.0" encoding="UTF-8"?>
<!-- Generated by org.testng.reporters.JUnitReportReporter -->
<testsuite hostname="DESKTOP-JEBHD8A" failures="0" tests="1" name="testNG.ParameterizationExample" time="0.014" errors="0" timestamp="2020-08-03T19:16:05 IST" skipped="0">
  <testcase classname="testNG.ParameterizationExample" name="printName" time="0.014"/>
  <system-out/>
</testsuite> <!-- testNG.ParameterizationExample -->
