<?xml version="1.0" encoding="UTF-8"?>
<!-- Generated by org.testng.reporters.JUnitReportReporter -->
<testsuite hostname="DESKTOP-VL4PKSR" failures="0" tests="8" name="testNG.GroupingExamples" time="0.032" errors="0" timestamp="2020-09-24T10:27:39 IST" skipped="0">
  <testcase classname="testNG.GroupingExamples" name="lenovo2" time="0.002"/>
  <system-out/>
  <testcase classname="testNG.GroupingExamples" name="apple1" time="0.012"/>
  <system-out/>
  <testcase classname="testNG.GroupingExamples" name="lenovo1" time="0.003"/>
  <system-out/>
  <testcase classname="testNG.GroupingExamples" name="moto2" time="0.002"/>
  <system-out/>
  <testcase classname="testNG.GroupingExamples" name="moto1" time="0.003"/>
  <system-out/>
  <testcase classname="testNG.GroupingExamples" name="vivo1" time="0.003"/>
  <system-out/>
  <testcase classname="testNG.GroupingExamples" name="vivo2" time="0.002"/>
  <system-out/>
  <testcase classname="testNG.GroupingExamples" name="apple2" time="0.005"/>
  <system-out/>
</testsuite> <!-- testNG.GroupingExamples -->
