<?xml version="1.0" encoding="UTF-8"?>
<!-- Generated by org.testng.reporters.JUnitReportReporter -->
<testsuite hostname="DESKTOP-JEBHD8A" failures="0" tests="3" name="testNG.SuitExamples" time="12.871" errors="0" timestamp="2020-07-26T18:02:04 IST" skipped="0">
  <testcase classname="testNG.SuitExamples" name="opengoogle" time="2.118"/>
  <system-out/>
  <testcase classname="testNG.SuitExamples" name="openyahoo" time="9.352"/>
  <system-out/>
  <testcase classname="testNG.SuitExamples" name="openbing" time="1.401"/>
  <system-out/>
</testsuite> <!-- testNG.SuitExamples -->
