<?xml version="1.0" encoding="UTF-8"?>
<!-- Generated by org.testng.reporters.JUnitReportReporter -->
<testsuite hostname="DESKTOP-JEBHD8A" failures="0" tests="6" name="testNG.SkipTestCases" time="0.022" errors="0" timestamp="2020-08-03T19:20:18 IST" skipped="0">
  <testcase classname="testNG.SkipTestCases" name="startthecar" time="0.011"/>
  <system-out/>
  <testcase classname="testNG.SkipTestCases" name="putfirstgear" time="0.002"/>
  <system-out/>
  <testcase classname="testNG.SkipTestCases" name="putsecondgear" time="0.002"/>
  <system-out/>
  <testcase classname="testNG.SkipTestCases" name="putthirdgear" time="0.002"/>
  <system-out/>
  <testcase classname="testNG.SkipTestCases" name="putfourthgear" time="0.002"/>
  <system-out/>
  <testcase classname="testNG.SkipTestCases" name="turnonmusic" time="0.003"/>
  <system-out/>
</testsuite> <!-- testNG.SkipTestCases -->
