<?xml version="1.0" encoding="UTF-8"?>
<!-- Generated by org.testng.reporters.JUnitReportReporter -->
<testsuite hostname="DESKTOP-JEBHD8A" failures="0" tests="1" name="testNG.SampletTeseCase" time="0.009" errors="0" timestamp="2020-07-26T20:01:39 IST" skipped="0">
  <testcase classname="testNG.SampletTeseCase" name="firsttestcase" time="0.009"/>
  <system-out/>
</testsuite> <!-- testNG.SampletTeseCase -->
