<?xml version="1.0" encoding="UTF-8"?>
<!-- Generated by org.testng.reporters.JUnitReportReporter -->
<testsuite hostname="DESKTOP-JEBHD8A" failures="0" tests="1" name="testNG.SampleTeseCase" time="0.010" errors="0" timestamp="2020-07-26T20:09:56 IST" skipped="0">
  <testcase classname="testNG.SampleTeseCase" name="firsttestcase" time="0.010"/>
  <system-out/>
</testsuite> <!-- testNG.SampleTeseCase -->
