<?xml version="1.0" encoding="UTF-8"?>
<!-- Generated by org.testng.reporters.JUnitReportReporter -->
<testsuite hostname="DESKTOP-JEBHD8A" failures="0" tests="8" name="testNG.GroupingExamples" time="0.032" errors="0" timestamp="2020-08-03T19:13:42 IST" skipped="0">
  <testcase classname="testNG.GroupingExamples" name="lenovo1" time="0.005"/>
  <system-out/>
  <testcase classname="testNG.GroupingExamples" name="moto2" time="0.004"/>
  <system-out/>
  <testcase classname="testNG.GroupingExamples" name="apple1" time="0.009"/>
  <system-out/>
  <testcase classname="testNG.GroupingExamples" name="moto1" time="0.003"/>
  <system-out/>
  <testcase classname="testNG.GroupingExamples" name="vivo2" time="0.006"/>
  <system-out/>
  <testcase classname="testNG.GroupingExamples" name="apple2" time="0.001"/>
  <system-out/>
  <testcase classname="testNG.GroupingExamples" name="vivo1" time="0.002"/>
  <system-out/>
  <testcase classname="testNG.GroupingExamples" name="lenovo2" time="0.002"/>
  <system-out/>
</testsuite> <!-- testNG.GroupingExamples -->
