<?xml version="1.0" encoding="UTF-8"?>
<!-- Generated by org.testng.reporters.JUnitReportReporter -->
<testsuite hostname="DESKTOP-VL4PKSR" failures="0" tests="1" name="testNG.AssertionExample" time="0.018" errors="0" timestamp="2020-09-23T20:57:32 IST" skipped="0">
  <testcase classname="testNG.AssertionExample" name="check" time="0.018"/>
  <system-out/>
</testsuite> <!-- testNG.AssertionExample -->
