<?xml version="1.0" encoding="UTF-8"?>
<!-- Generated by org.testng.reporters.JUnitReportReporter -->
<testsuite hostname="DESKTOP-VL4PKSR" failures="0" tests="3" name="testNG.SuitExamples" time="7.905" errors="0" timestamp="2020-09-23T21:26:31 IST" skipped="0">
  <testcase classname="testNG.SuitExamples" name="opengoogle" time="2.224"/>
  <system-out/>
  <testcase classname="testNG.SuitExamples" name="openyahoo" time="4.628"/>
  <system-out/>
  <testcase classname="testNG.SuitExamples" name="openbing" time="1.053"/>
  <system-out/>
</testsuite> <!-- testNG.SuitExamples -->
