<?xml version="1.0" encoding="UTF-8"?>
<!-- Generated by org.testng.reporters.JUnitReportReporter -->
<testsuite hostname="DESKTOP-JEBHD8A" failures="0" tests="1" name="testNG.SampleTestCase" time="0.012" errors="0" timestamp="2020-07-26T20:16:27 IST" skipped="0">
  <testcase classname="testNG.SampleTestCase" name="firsttestcase" time="0.012"/>
  <system-out/>
</testsuite> <!-- testNG.SampleTestCase -->
