<?xml version="1.0" encoding="UTF-8"?>
<!-- Generated by org.testng.reporters.JUnitReportReporter -->
<testsuite hostname="DESKTOP-VL4PKSR" failures="0" tests="4" name="com.DataDriven_V2.LoginTestCases" time="94.697" errors="0" timestamp="2020-09-18T10:26:12 IST" skipped="0">
  <testcase classname="com.DataDriven_V2.LoginTestCases" name="logincorrectTestCases" time="27.595"/>
  <system-out/>
  <testcase classname="com.DataDriven_V2.LoginTestCases" name="logincorrectTestCases" time="27.954"/>
  <system-out/>
  <testcase classname="com.DataDriven_V2.LoginTestCases" name="logincorrectTestCases" time="25.500"/>
  <system-out/>
  <testcase classname="com.DataDriven_V2.LoginTestCases" name="logincorrectTestCases" time="13.648"/>
  <system-out/>
</testsuite> <!-- com.DataDriven_V2.LoginTestCases -->
