<?xml version="1.0" encoding="UTF-8"?>
<!-- Generated by org.testng.reporters.JUnitReportReporter -->
<testsuite hostname="DESKTOP-JEBHD8A" failures="0" tests="3" name="testNG.AnnotationsHierachyExample" time="0.020" errors="0" timestamp="2020-08-03T19:00:03 IST" skipped="0">
  <testcase classname="testNG.AnnotationsHierachyExample" name="test" time="0.010"/>
  <system-out/>
  <testcase classname="testNG.AnnotationsHierachyExample" name="test2" time="0.008"/>
  <system-out/>
  <testcase classname="testNG.AnnotationsHierachyExample" name="test3" time="0.002"/>
  <system-out/>
</testsuite> <!-- testNG.AnnotationsHierachyExample -->
