<?xml version="1.0" encoding="UTF-8"?>
<!-- Generated by org.testng.reporters.JUnitReportReporter -->
<testsuite hostname="DESKTOP-VL4PKSR" failures="0" tests="1" name="com.DataDriven.LoginWrongPassword" time="17.352" errors="0" timestamp="2020-09-18T10:06:30 IST" skipped="0">
  <testcase classname="com.DataDriven.LoginWrongPassword" name="loginwrongUserName" time="17.352"/>
  <system-out/>
</testsuite> <!-- com.DataDriven.LoginWrongPassword -->
