<?xml version="1.0" encoding="UTF-8"?>
<!-- Generated by org.testng.reporters.JUnitReportReporter -->
<testsuite hostname="DESKTOP-JEBHD8A" failures="0" tests="5" name="testNG.DriveCar" time="0.017" errors="0" timestamp="2020-08-03T19:12:48 IST" skipped="0">
  <testcase classname="testNG.DriveCar" name="startthecar" time="0.009"/>
  <system-out/>
  <testcase classname="testNG.DriveCar" name="putfirstgear" time="0.002"/>
  <system-out/>
  <testcase classname="testNG.DriveCar" name="putsecondgear" time="0.003"/>
  <system-out/>
  <testcase classname="testNG.DriveCar" name="putthirdgear" time="0.002"/>
  <system-out/>
  <testcase classname="testNG.DriveCar" name="putfourthgear" time="0.001"/>
  <system-out/>
</testsuite> <!-- testNG.DriveCar -->
